e:\zz_assessment_project\this_one\project 1\obj\vc120.pdb
e:\zz_assessment_project\this_one\project 1\obj\vc120.idb
e:\zz_assessment_project\this_one\project 1\obj\assets.obj
e:\zz_assessment_project\this_one\project 1\obj\bullet.obj
e:\zz_assessment_project\this_one\project 1\obj\enemy.obj
e:\zz_assessment_project\this_one\project 1\obj\gamestate.obj
e:\zz_assessment_project\this_one\project 1\obj\player.obj
e:\zz_assessment_project\this_one\project 1\obj\scorebuffer.obj
e:\zz_assessment_project\this_one\project 1\obj\main.obj
e:\game 1.0.0\project 1\obj\vc120.pdb
e:\game 1.0.0\project 1\obj\vc120.idb
e:\game 1.0.0\project 1\obj\assets.obj
e:\game 1.0.0\project 1\obj\bullet.obj
e:\game 1.0.0\project 1\obj\enemy.obj
e:\game 1.0.0\project 1\obj\gamestate.obj
e:\game 1.0.0\project 1\obj\main.obj
e:\game 1.0.0\project 1\obj\player.obj
e:\game 1.0.0\project 1\obj\scorebuffer.obj
e:\game 1.0.0\project 1\obj\sqlite3.obj
e:\game 1.0.0\project 1\obj\controlsdatabase.obj
e:\zz_assessment_project\this_one\project 1\bin\aie template_d.exe
e:\zz_assessment_project\this_one\project 1\bin\aie template_d.pdb
e:\game 1.0.0\project 1\bin\aie template_d.exe
e:\game 1.0.0\project 1\bin\aie template_d.pdb
e:\game 1.0.0\project 1\obj\entity.obj
e:\game 1.0.0\project 1\obj\statemanager.obj
e:\game 1.0.0\project 1\obj\aie template.tlog\cl.command.1.tlog
e:\game 1.0.0\project 1\obj\aie template.tlog\link.command.1.tlog
e:\game 1.0.0\project 1\obj\aie template.tlog\cl.write.1.tlog
e:\game 1.0.0\project 1\obj\aie template.tlog\cl.read.1.tlog
e:\game 1.0.0\project 1\obj\aie template.tlog\link.read.1.tlog
e:\game 1.0.0\project 1\obj\aie template.tlog\link.write.1.tlog
